# JRE version: Java(TM) SE Runtime Environment (8.0_65-b17) (build 1.8.0_65-b17)
# Java VM: Java HotSpot(TM) 64-Bit Server VM (25.65-b01 mixed mode linux-amd64 compressed oops)
Heap:
 PSYoungGen      total 449536K, used 114675K [0x00000000d6d80000, 0x0000000100000000, 0x0000000100000000)
  eden space 224768K, 0% used [0x00000000d6d80000,0x00000000d6d80000,0x00000000e4900000)
  from space 224768K, 51% used [0x00000000f2480000,0x00000000f947cd38,0x0000000100000000)
  to   space 224768K, 0% used [0x00000000e4900000,0x00000000e4900000,0x00000000f2480000)
 ParOldGen       total 1025536K, used 1025419K [0x0000000084800000, 0x00000000c3180000, 0x00000000d6d80000)
  object space 1025536K, 99% used [0x0000000084800000,0x00000000c3162ee0,0x00000000c3180000)
 Metaspace       used 12345K, capacity 12763K, committed 12928K, reserved 1060864K
  class space    used 1247K, capacity 1349K, committed 1408K, reserved 1048576K
GC Heap History (10 events):
Event: 15.004 GC heap after
Heap after GC invocations=21 (full 4):
 PSYoungGen      total 429056K, used 102911K [0x00000000d6d80000, 0x0000000100000000, 0x0000000100000000)
  eden space 204288K, 0% used [0x00000000d6d80000,0x00000000d6d80000,0x00000000e3500000)
  from space 224768K, 45% used [0x00000000e3500000,0x00000000e997fce0,0x00000000f1080000)
  to   space 224768K, 0% used [0x00000000f2480000,0x00000000f2480000,0x0000000100000000)
 ParOldGen       total 670208K, used 668621K [0x0000000084800000, 0x00000000ad680000, 0x00000000d6d80000)
  object space 670208K, 99% used [0x0000000084800000,0x00000000ad4f37c8,0x00000000ad680000)
 Metaspace       used 9638K, capacity 10094K, committed 10496K, reserved 1058816K
  class space    used 1013K, capacity 1154K, committed 1280K, reserved 1048576K
}
Event: 15.004 GC heap before
{Heap before GC invocations=22 (full 5):
 PSYoungGen      total 429056K, used 102911K [0x00000000d6d80000, 0x0000000100000000, 0x0000000100000000)
  eden space 204288K, 0% used [0x00000000d6d80000,0x00000000d6d80000,0x00000000e3500000)
  from space 224768K, 45% used [0x00000000e3500000,0x00000000e997fce0,0x00000000f1080000)
  to   space 224768K, 0% used [0x00000000f2480000,0x00000000f2480000,0x0000000100000000)
 ParOldGen       total 670208K, used 668621K [0x0000000084800000, 0x00000000ad680000, 0x00000000d6d80000)
  object space 670208K, 99% used [0x0000000084800000,0x00000000ad4f37c8,0x00000000ad680000)
 Metaspace       used 9638K, capacity 10094K, committed 10496K, reserved 1058816K
  class space    used 1013K, capacity 1154K, committed 1280K, reserved 1048576K
Event: 16.709 GC heap after
Heap after GC invocations=22 (full 5):
 PSYoungGen      total 429056K, used 47178K [0x00000000d6d80000, 0x0000000100000000, 0x0000000100000000)
  eden space 204288K, 0% used [0x00000000d6d80000,0x00000000d6d80000,0x00000000e3500000)
  from space 224768K, 20% used [0x00000000e3500000,0x00000000e6312a58,0x00000000f1080000)
  to   space 224768K, 0% used [0x00000000f2480000,0x00000000f2480000,0x0000000100000000)
 ParOldGen       total 978432K, used 669774K [0x0000000084800000, 0x00000000c0380000, 0x00000000d6d80000)
  object space 978432K, 68% used [0x0000000084800000,0x00000000ad613a98,0x00000000c0380000)
 Metaspace       used 9638K, capacity 10094K, committed 10496K, reserved 1058816K
  class space    used 1013K, capacity 1154K, committed 1280K, reserved 1048576K
}
Event: 16.965 GC heap before
{Heap before GC invocations=23 (full 5):
 PSYoungGen      total 429056K, used 251466K [0x00000000d6d80000, 0x0000000100000000, 0x0000000100000000)
  eden space 204288K, 100% used [0x00000000d6d80000,0x00000000e3500000,0x00000000e3500000)
  from space 224768K, 20% used [0x00000000e3500000,0x00000000e6312a58,0x00000000f1080000)
  to   space 224768K, 0% used [0x00000000f2480000,0x00000000f2480000,0x0000000100000000)
 ParOldGen       total 978432K, used 669774K [0x0000000084800000, 0x00000000c0380000, 0x00000000d6d80000)
  object space 978432K, 68% used [0x0000000084800000,0x00000000ad613a98,0x00000000c0380000)
 Metaspace       used 9681K, capacity 10094K, committed 10496K, reserved 1058816K
  class space    used 1014K, capacity 1154K, committed 1280K, reserved 1048576K
Event: 17.167 GC heap after
Heap after GC invocations=23 (full 5):
 PSYoungGen      total 449536K, used 84360K [0x00000000d6d80000, 0x0000000100000000, 0x0000000100000000)
  eden space 224768K, 0% used [0x00000000d6d80000,0x00000000d6d80000,0x00000000e4900000)
  from space 224768K, 37% used [0x00000000f2480000,0x00000000f76e21a0,0x0000000100000000)
  to   space 224768K, 0% used [0x00000000e4900000,0x00000000e4900000,0x00000000f2480000)
 ParOldGen       total 978432K, used 716774K [0x0000000084800000, 0x00000000c0380000, 0x00000000d6d80000)
  object space 978432K, 73% used [0x0000000084800000,0x00000000b03f9a98,0x00000000c0380000)
 Metaspace       used 9681K, capacity 10094K, committed 10496K, reserved 1058816K
  class space    used 1014K, capacity 1154K, committed 1280K, reserved 1048576K
}
Event: 17.232 GC heap before
{Heap before GC invocations=24 (full 5):
 PSYoungGen      total 449536K, used 309128K [0x00000000d6d80000, 0x0000000100000000, 0x0000000100000000)
  eden space 224768K, 100% used [0x00000000d6d80000,0x00000000e4900000,0x00000000e4900000)
  from space 224768K, 37% used [0x00000000f2480000,0x00000000f76e21a0,0x0000000100000000)
  to   space 224768K, 0% used [0x00000000e4900000,0x00000000e4900000,0x00000000f2480000)
 ParOldGen       total 978432K, used 716774K [0x0000000084800000, 0x00000000c0380000, 0x00000000d6d80000)
  object space 978432K, 73% used [0x0000000084800000,0x00000000b03f9a98,0x00000000c0380000)
 Metaspace       used 9681K, capacity 10094K, committed 10496K, reserved 1058816K
  class space    used 1014K, capacity 1154K, committed 1280K, reserved 1048576K
Event: 18.384 GC heap after
Heap after GC invocations=24 (full 5):
 PSYoungGen      total 449536K, used 223526K [0x00000000d6d80000, 0x0000000100000000, 0x0000000100000000)
  eden space 224768K, 0% used [0x00000000d6d80000,0x00000000d6d80000,0x00000000e4900000)
  from space 224768K, 99% used [0x00000000e4900000,0x00000000f2349b80,0x00000000f2480000)
  to   space 224768K, 0% used [0x00000000f2480000,0x00000000f2480000,0x0000000100000000)
 ParOldGen       total 978432K, used 801139K [0x0000000084800000, 0x00000000c0380000, 0x00000000d6d80000)
  object space 978432K, 81% used [0x0000000084800000,0x00000000b565cc98,0x00000000c0380000)
 Metaspace       used 9681K, capacity 10094K, committed 10496K, reserved 1058816K
  class space    used 1014K, capacity 1154K, committed 1280K, reserved 1048576K
}
Event: 22.290 GC heap before
{Heap before GC invocations=25 (full 5):
 PSYoungGen      total 449536K, used 448294K [0x00000000d6d80000, 0x0000000100000000, 0x0000000100000000)
  eden space 224768K, 100% used [0x00000000d6d80000,0x00000000e4900000,0x00000000e4900000)
  from space 224768K, 99% used [0x00000000e4900000,0x00000000f2349b80,0x00000000f2480000)
  to   space 224768K, 0% used [0x00000000f2480000,0x00000000f2480000,0x0000000100000000)
 ParOldGen       total 978432K, used 801139K [0x0000000084800000, 0x00000000c0380000, 0x00000000d6d80000)
  object space 978432K, 81% used [0x0000000084800000,0x00000000b565cc98,0x00000000c0380000)
 Metaspace       used 12345K, capacity 12763K, committed 12928K, reserved 1060864K
  class space    used 1247K, capacity 1349K, committed 1408K, reserved 1048576K
Event: 22.433 GC heap after
Heap after GC invocations=25 (full 5):
 PSYoungGen      total 449536K, used 127599K [0x00000000d6d80000, 0x0000000100000000, 0x0000000100000000)
  eden space 224768K, 0% used [0x00000000d6d80000,0x00000000d6d80000,0x00000000e4900000)
  from space 224768K, 56% used [0x00000000f2480000,0x00000000fa11bfe8,0x0000000100000000)
  to   space 224768K, 0% used [0x00000000e4900000,0x00000000e4900000,0x00000000f2480000)
 ParOldGen       total 1025536K, used 1024634K [0x0000000084800000, 0x00000000c3180000, 0x00000000d6d80000)
  object space 1025536K, 99% used [0x0000000084800000,0x00000000c309ebc8,0x00000000c3180000)
 Metaspace       used 12345K, capacity 12763K, committed 12928K, reserved 1060864K
  class space    used 1247K, capacity 1349K, committed 1408K, reserved 1048576K
}
Event: 22.433 GC heap before
{Heap before GC invocations=26 (full 6):
 PSYoungGen      total 449536K, used 127599K [0x00000000d6d80000, 0x0000000100000000, 0x0000000100000000)
  eden space 224768K, 0% used [0x00000000d6d80000,0x00000000d6d80000,0x00000000e4900000)
  from space 224768K, 56% used [0x00000000f2480000,0x00000000fa11bfe8,0x0000000100000000)
  to   space 224768K, 0% used [0x00000000e4900000,0x00000000e4900000,0x00000000f2480000)
 ParOldGen       total 1025536K, used 1024634K [0x0000000084800000, 0x00000000c3180000, 0x00000000d6d80000)
  object space 1025536K, 99% used [0x0000000084800000,0x00000000c309ebc8,0x00000000c3180000)
 Metaspace       used 12345K, capacity 12763K, committed 12928K, reserved 1060864K
  class space    used 1247K, capacity 1349K, committed 1408K, reserved 1048576K

